start: s
accept: p3
reject: rj
blank: e

s 0 -> s 0 >
s 1 -> s 1 >
s + -> s + >
s e -> q1 e < 

q1 0 -> q1 0 < 
q1 1 -> q2 0 >
q1 + -> p + ^

q2 0 -> q2 1 >
q2 1 -> q2 0 >
q2 e -> q3 e <

q3 0 -> q3 0 <
q3 1 -> q3 1 <
q3 + -> q4 + <

p 0 -> p e >
p 1 -> p e >
p + -> p e >
p e -> p1 e ^

p1 0 -> p2 0 ^
p1 1 -> p2 1 ^
p1 e -> p1 e <

p2 0 -> p2 0 <
p2 1 -> p2 1 <
p2 e -> p3 e >

q4 0 -> q5 1 >
q4 1 -> q4 1 < 
q4 e -> q5 1 > 

q5 1 -> q5 0 > 
q5 + -> q6 + < 

q6 0 -> q6 0 < 
q6 1 -> q6 1 <
q6 e -> s e >

